<?xml version="1.0" encoding="UTF-8"?>
<!-- Generated by org.testng.reporters.JUnitXMLReporter -->
<testsuite hostname="DESKTOP-QM6OV0O" ignored="2" name="Default test" tests="1" failures="0" timestamp="13 Jul 2020 11:44:06 GMT" time="16.785" errors="0">
  <testcase name="VerifyInvalidLogin" time="1.236" classname="com.q_ticket.testcases.Admin_LandingPageTest"/>
  <testcase name="login" time="0.0" classname="com.q_ticket.testcases.Admin_LandingPageTest">
    <ignored/>
  </testcase> <!-- login -->
  <testcase name="VerifyAdminlanding" time="0.0" classname="com.q_ticket.testcases.Admin_LandingPageTest">
    <ignored/>
  </testcase> <!-- VerifyAdminlanding -->
</testsuite> <!-- Default test -->
