<?xml version="1.0" encoding="UTF-8"?>
<testng-results skipped="0" failed="0" ignored="2" total="3" passed="1">
  <reporter-output>
  </reporter-output>
  <suite name="Default suite" duration-ms="16785" started-at="2020-07-13T11:43:49Z" finished-at="2020-07-13T11:44:06Z">
    <groups>
    </groups>
    <test name="Default test" duration-ms="16785" started-at="2020-07-13T11:43:49Z" finished-at="2020-07-13T11:44:06Z">
      <class name="com.q_ticket.testcases.Admin_LandingPageTest">
        <test-method status="PASS" signature="Setup()[pri:0, instance:com.q_ticket.testcases.Admin_LandingPageTest@5442a311]" name="Setup" is-config="true" duration-ms="14587" started-at="2020-07-13T11:43:49Z" finished-at="2020-07-13T11:44:04Z">
          <reporter-output>
          </reporter-output>
        </test-method> <!-- Setup -->
        <test-method status="PASS" signature="VerifyInvalidLogin()[pri:0, instance:com.q_ticket.testcases.Admin_LandingPageTest@5442a311]" name="VerifyInvalidLogin" duration-ms="1236" started-at="2020-07-13T11:44:04Z" finished-at="2020-07-13T11:44:05Z">
          <reporter-output>
          </reporter-output>
        </test-method> <!-- VerifyInvalidLogin -->
        <test-method status="PASS" signature="tearDown(org.testng.ITestResult)[pri:0, instance:com.q_ticket.testcases.Admin_LandingPageTest@5442a311]" name="tearDown" is-config="true" duration-ms="916" started-at="2020-07-13T11:44:05Z" finished-at="2020-07-13T11:44:06Z">
          <params>
            <param index="0">
              <value>
                <![CDATA[[TestResult name=VerifyInvalidLogin status=SUCCESS method=Admin_LandingPageTest.VerifyInvalidLogin()[pri:0, instance:com.q_ticket.testcases.Admin_LandingPageTest@5442a311] output={null}]]]>
              </value>
            </param>
          </params>
          <reporter-output>
          </reporter-output>
        </test-method> <!-- tearDown -->
      </class> <!-- com.q_ticket.testcases.Admin_LandingPageTest -->
    </test> <!-- Default test -->
  </suite> <!-- Default suite -->
</testng-results>
